<?xml version="1.0" encoding="UTF-8"?>
<testsuite xmlns:xsi="http://www.w3.org/2001/XMLSchema-instance" xsi:noNamespaceSchemaLocation="https://maven.apache.org/surefire/maven-surefire-plugin/xsd/surefire-test-report.xsd" name="com.ranger.llmoj.manager.CosManagerTest" time="0.018" tests="1" errors="1" skipped="0" failures="0">
  <properties>
    <property name="java.specification.version" value="20"/>
    <property name="sun.cpu.isalist" value="amd64"/>
    <property name="sun.jnu.encoding" value="GBK"/>
    <property name="java.class.path" value="D:\IdeaProjects\llmoj-backend-master\target\test-classes;D:\IdeaProjects\llmoj-backend-master\target\classes;C:\Users\Ranger\.m2\repository\org\springframework\boot\spring-boot-starter-freemarker\2.7.2\spring-boot-starter-freemarker-2.7.2.jar;C:\Users\Ranger\.m2\repository\org\springframework\boot\spring-boot-starter\2.7.2\spring-boot-starter-2.7.2.jar;C:\Users\Ranger\.m2\repository\org\springframework\boot\spring-boot-starter-logging\2.7.2\spring-boot-starter-logging-2.7.2.jar;C:\Users\Ranger\.m2\repository\org\apache\logging\log4j\log4j-to-slf4j\2.17.2\log4j-to-slf4j-2.17.2.jar;C:\Users\Ranger\.m2\repository\org\apache\logging\log4j\log4j-api\2.17.2\log4j-api-2.17.2.jar;C:\Users\Ranger\.m2\repository\org\slf4j\jul-to-slf4j\1.7.36\jul-to-slf4j-1.7.36.jar;C:\Users\Ranger\.m2\repository\jakarta\annotation\jakarta.annotation-api\1.3.5\jakarta.annotation-api-1.3.5.jar;C:\Users\Ranger\.m2\repository\org\yaml\snakeyaml\1.30\snakeyaml-1.30.jar;C:\Users\Ranger\.m2\repository\org\freemarker\freemarker\2.3.31\freemarker-2.3.31.jar;C:\Users\Ranger\.m2\repository\org\springframework\spring-context-support\5.3.22\spring-context-support-5.3.22.jar;C:\Users\Ranger\.m2\repository\org\springframework\spring-beans\5.3.22\spring-beans-5.3.22.jar;C:\Users\Ranger\.m2\repository\org\springframework\spring-context\5.3.22\spring-context-5.3.22.jar;C:\Users\Ranger\.m2\repository\org\springframework\boot\spring-boot-starter-web\2.7.2\spring-boot-starter-web-2.7.2.jar;C:\Users\Ranger\.m2\repository\org\springframework\boot\spring-boot-starter-json\2.7.2\spring-boot-starter-json-2.7.2.jar;C:\Users\Ranger\.m2\repository\com\fasterxml\jackson\datatype\jackson-datatype-jdk8\2.13.3\jackson-datatype-jdk8-2.13.3.jar;C:\Users\Ranger\.m2\repository\com\fasterxml\jackson\datatype\jackson-datatype-jsr310\2.13.3\jackson-datatype-jsr310-2.13.3.jar;C:\Users\Ranger\.m2\repository\com\fasterxml\jackson\module\jackson-module-parameter-names\2.13.3\jackson-module-parameter-names-2.13.3.jar;C:\Users\Ranger\.m2\repository\org\springframework\boot\spring-boot-starter-tomcat\2.7.2\spring-boot-starter-tomcat-2.7.2.jar;C:\Users\Ranger\.m2\repository\org\apache\tomcat\embed\tomcat-embed-core\9.0.65\tomcat-embed-core-9.0.65.jar;C:\Users\Ranger\.m2\repository\org\apache\tomcat\embed\tomcat-embed-el\9.0.65\tomcat-embed-el-9.0.65.jar;C:\Users\Ranger\.m2\repository\org\apache\tomcat\embed\tomcat-embed-websocket\9.0.65\tomcat-embed-websocket-9.0.65.jar;C:\Users\Ranger\.m2\repository\org\springframework\spring-web\5.3.22\spring-web-5.3.22.jar;C:\Users\Ranger\.m2\repository\org\springframework\spring-webmvc\5.3.22\spring-webmvc-5.3.22.jar;C:\Users\Ranger\.m2\repository\org\springframework\spring-expression\5.3.22\spring-expression-5.3.22.jar;C:\Users\Ranger\.m2\repository\org\springframework\boot\spring-boot-starter-aop\2.7.2\spring-boot-starter-aop-2.7.2.jar;C:\Users\Ranger\.m2\repository\org\springframework\spring-aop\5.3.22\spring-aop-5.3.22.jar;C:\Users\Ranger\.m2\repository\org\aspectj\aspectjweaver\1.9.7\aspectjweaver-1.9.7.jar;C:\Users\Ranger\.m2\repository\org\mybatis\spring\boot\mybatis-spring-boot-starter\2.2.2\mybatis-spring-boot-starter-2.2.2.jar;C:\Users\Ranger\.m2\repository\org\springframework\boot\spring-boot-starter-jdbc\2.7.2\spring-boot-starter-jdbc-2.7.2.jar;C:\Users\Ranger\.m2\repository\com\zaxxer\HikariCP\4.0.3\HikariCP-4.0.3.jar;C:\Users\Ranger\.m2\repository\org\springframework\spring-jdbc\5.3.22\spring-jdbc-5.3.22.jar;C:\Users\Ranger\.m2\repository\org\mybatis\spring\boot\mybatis-spring-boot-autoconfigure\2.2.2\mybatis-spring-boot-autoconfigure-2.2.2.jar;C:\Users\Ranger\.m2\repository\org\mybatis\mybatis\3.5.9\mybatis-3.5.9.jar;C:\Users\Ranger\.m2\repository\org\mybatis\mybatis-spring\2.0.7\mybatis-spring-2.0.7.jar;C:\Users\Ranger\.m2\repository\com\baomidou\mybatis-plus-boot-starter\3.5.2\mybatis-plus-boot-starter-3.5.2.jar;C:\Users\Ranger\.m2\repository\com\baomidou\mybatis-plus\3.5.2\mybatis-plus-3.5.2.jar;C:\Users\Ranger\.m2\repository\com\baomidou\mybatis-plus-extension\3.5.2\mybatis-plus-extension-3.5.2.jar;C:\Users\Ranger\.m2\repository\com\baomidou\mybatis-plus-core\3.5.2\mybatis-plus-core-3.5.2.jar;C:\Users\Ranger\.m2\repository\com\baomidou\mybatis-plus-annotation\3.5.2\mybatis-plus-annotation-3.5.2.jar;C:\Users\Ranger\.m2\repository\com\github\jsqlparser\jsqlparser\4.4\jsqlparser-4.4.jar;C:\Users\Ranger\.m2\repository\org\jetbrains\kotlin\kotlin-stdlib-jdk8\1.6.21\kotlin-stdlib-jdk8-1.6.21.jar;C:\Users\Ranger\.m2\repository\org\jetbrains\kotlin\kotlin-stdlib-jdk7\1.6.21\kotlin-stdlib-jdk7-1.6.21.jar;C:\Users\Ranger\.m2\repository\org\springframework\boot\spring-boot-autoconfigure\2.7.2\spring-boot-autoconfigure-2.7.2.jar;C:\Users\Ranger\.m2\repository\org\springframework\boot\spring-boot-starter-data-redis\2.7.2\spring-boot-starter-data-redis-2.7.2.jar;C:\Users\Ranger\.m2\repository\org\springframework\data\spring-data-redis\2.7.2\spring-data-redis-2.7.2.jar;C:\Users\Ranger\.m2\repository\org\springframework\data\spring-data-keyvalue\2.7.2\spring-data-keyvalue-2.7.2.jar;C:\Users\Ranger\.m2\repository\org\springframework\spring-tx\5.3.22\spring-tx-5.3.22.jar;C:\Users\Ranger\.m2\repository\org\springframework\spring-oxm\5.3.22\spring-oxm-5.3.22.jar;C:\Users\Ranger\.m2\repository\io\lettuce\lettuce-core\6.1.9.RELEASE\lettuce-core-6.1.9.RELEASE.jar;C:\Users\Ranger\.m2\repository\io\netty\netty-common\4.1.79.Final\netty-common-4.1.79.Final.jar;C:\Users\Ranger\.m2\repository\io\netty\netty-handler\4.1.79.Final\netty-handler-4.1.79.Final.jar;C:\Users\Ranger\.m2\repository\io\netty\netty-resolver\4.1.79.Final\netty-resolver-4.1.79.Final.jar;C:\Users\Ranger\.m2\repository\io\netty\netty-buffer\4.1.79.Final\netty-buffer-4.1.79.Final.jar;C:\Users\Ranger\.m2\repository\io\netty\netty-transport-native-unix-common\4.1.79.Final\netty-transport-native-unix-common-4.1.79.Final.jar;C:\Users\Ranger\.m2\repository\io\netty\netty-codec\4.1.79.Final\netty-codec-4.1.79.Final.jar;C:\Users\Ranger\.m2\repository\io\netty\netty-transport\4.1.79.Final\netty-transport-4.1.79.Final.jar;C:\Users\Ranger\.m2\repository\io\projectreactor\reactor-core\3.4.21\reactor-core-3.4.21.jar;C:\Users\Ranger\.m2\repository\org\reactivestreams\reactive-streams\1.0.4\reactive-streams-1.0.4.jar;C:\Users\Ranger\.m2\repository\org\springframework\session\spring-session-data-redis\2.7.0\spring-session-data-redis-2.7.0.jar;C:\Users\Ranger\.m2\repository\org\springframework\session\spring-session-core\2.7.0\spring-session-core-2.7.0.jar;C:\Users\Ranger\.m2\repository\org\springframework\spring-jcl\5.3.22\spring-jcl-5.3.22.jar;C:\Users\Ranger\.m2\repository\org\springframework\boot\spring-boot-starter-data-elasticsearch\2.7.2\spring-boot-starter-data-elasticsearch-2.7.2.jar;C:\Users\Ranger\.m2\repository\org\springframework\data\spring-data-elasticsearch\4.4.2\spring-data-elasticsearch-4.4.2.jar;C:\Users\Ranger\.m2\repository\org\springframework\data\spring-data-commons\2.7.2\spring-data-commons-2.7.2.jar;C:\Users\Ranger\.m2\repository\org\elasticsearch\client\elasticsearch-rest-high-level-client\7.17.4\elasticsearch-rest-high-level-client-7.17.4.jar;C:\Users\Ranger\.m2\repository\org\elasticsearch\elasticsearch\7.17.4\elasticsearch-7.17.4.jar;C:\Users\Ranger\.m2\repository\org\elasticsearch\elasticsearch-core\7.17.4\elasticsearch-core-7.17.4.jar;C:\Users\Ranger\.m2\repository\org\elasticsearch\elasticsearch-secure-sm\7.17.4\elasticsearch-secure-sm-7.17.4.jar;C:\Users\Ranger\.m2\repository\org\elasticsearch\elasticsearch-x-content\7.17.4\elasticsearch-x-content-7.17.4.jar;C:\Users\Ranger\.m2\repository\com\fasterxml\jackson\dataformat\jackson-dataformat-smile\2.13.3\jackson-dataformat-smile-2.13.3.jar;C:\Users\Ranger\.m2\repository\com\fasterxml\jackson\dataformat\jackson-dataformat-cbor\2.13.3\jackson-dataformat-cbor-2.13.3.jar;C:\Users\Ranger\.m2\repository\org\elasticsearch\elasticsearch-geo\7.17.4\elasticsearch-geo-7.17.4.jar;C:\Users\Ranger\.m2\repository\org\elasticsearch\elasticsearch-lz4\7.17.4\elasticsearch-lz4-7.17.4.jar;C:\Users\Ranger\.m2\repository\org\lz4\lz4-java\1.8.0\lz4-java-1.8.0.jar;C:\Users\Ranger\.m2\repository\org\apache\lucene\lucene-core\8.11.1\lucene-core-8.11.1.jar;C:\Users\Ranger\.m2\repository\org\apache\lucene\lucene-analyzers-common\8.11.1\lucene-analyzers-common-8.11.1.jar;C:\Users\Ranger\.m2\repository\org\apache\lucene\lucene-backward-codecs\8.11.1\lucene-backward-codecs-8.11.1.jar;C:\Users\Ranger\.m2\repository\org\apache\lucene\lucene-grouping\8.11.1\lucene-grouping-8.11.1.jar;C:\Users\Ranger\.m2\repository\org\apache\lucene\lucene-highlighter\8.11.1\lucene-highlighter-8.11.1.jar;C:\Users\Ranger\.m2\repository\org\apache\lucene\lucene-join\8.11.1\lucene-join-8.11.1.jar;C:\Users\Ranger\.m2\repository\org\apache\lucene\lucene-memory\8.11.1\lucene-memory-8.11.1.jar;C:\Users\Ranger\.m2\repository\org\apache\lucene\lucene-misc\8.11.1\lucene-misc-8.11.1.jar;C:\Users\Ranger\.m2\repository\org\apache\lucene\lucene-queries\8.11.1\lucene-queries-8.11.1.jar;C:\Users\Ranger\.m2\repository\org\apache\lucene\lucene-queryparser\8.11.1\lucene-queryparser-8.11.1.jar;C:\Users\Ranger\.m2\repository\org\apache\lucene\lucene-sandbox\8.11.1\lucene-sandbox-8.11.1.jar;C:\Users\Ranger\.m2\repository\org\apache\lucene\lucene-spatial3d\8.11.1\lucene-spatial3d-8.11.1.jar;C:\Users\Ranger\.m2\repository\org\apache\lucene\lucene-suggest\8.11.1\lucene-suggest-8.11.1.jar;C:\Users\Ranger\.m2\repository\org\elasticsearch\elasticsearch-cli\7.17.4\elasticsearch-cli-7.17.4.jar;C:\Users\Ranger\.m2\repository\net\sf\jopt-simple\jopt-simple\5.0.2\jopt-simple-5.0.2.jar;C:\Users\Ranger\.m2\repository\com\carrotsearch\hppc\0.8.1\hppc-0.8.1.jar;C:\Users\Ranger\.m2\repository\com\tdunning\t-digest\3.2\t-digest-3.2.jar;C:\Users\Ranger\.m2\repository\org\hdrhistogram\HdrHistogram\2.1.9\HdrHistogram-2.1.9.jar;C:\Users\Ranger\.m2\repository\net\java\dev\jna\jna\5.10.0\jna-5.10.0.jar;C:\Users\Ranger\.m2\repository\org\elasticsearch\elasticsearch-plugin-classloader\7.17.4\elasticsearch-plugin-classloader-7.17.4.jar;C:\Users\Ranger\.m2\repository\org\elasticsearch\plugin\mapper-extras-client\7.17.4\mapper-extras-client-7.17.4.jar;C:\Users\Ranger\.m2\repository\org\elasticsearch\plugin\parent-join-client\7.17.4\parent-join-client-7.17.4.jar;C:\Users\Ranger\.m2\repository\org\elasticsearch\plugin\aggs-matrix-stats-client\7.17.4\aggs-matrix-stats-client-7.17.4.jar;C:\Users\Ranger\.m2\repository\org\elasticsearch\plugin\rank-eval-client\7.17.4\rank-eval-client-7.17.4.jar;C:\Users\Ranger\.m2\repository\org\elasticsearch\plugin\lang-mustache-client\7.17.4\lang-mustache-client-7.17.4.jar;C:\Users\Ranger\.m2\repository\com\github\spullara\mustache\java\compiler\0.9.6\compiler-0.9.6.jar;C:\Users\Ranger\.m2\repository\co\elastic\clients\elasticsearch-java\7.17.4\elasticsearch-java-7.17.4.jar;C:\Users\Ranger\.m2\repository\com\google\code\findbugs\jsr305\3.0.2\jsr305-3.0.2.jar;C:\Users\Ranger\.m2\repository\jakarta\json\jakarta.json-api\1.1.6\jakarta.json-api-1.1.6.jar;C:\Users\Ranger\.m2\repository\org\eclipse\parsson\parsson\1.0.0\parsson-1.0.0.jar;C:\Users\Ranger\.m2\repository\org\elasticsearch\client\elasticsearch-rest-client\7.17.4\elasticsearch-rest-client-7.17.4.jar;C:\Users\Ranger\.m2\repository\org\apache\httpcomponents\httpasyncclient\4.1.5\httpasyncclient-4.1.5.jar;C:\Users\Ranger\.m2\repository\org\apache\httpcomponents\httpcore-nio\4.4.15\httpcore-nio-4.4.15.jar;C:\Users\Ranger\.m2\repository\com\fasterxml\jackson\core\jackson-core\2.13.3\jackson-core-2.13.3.jar;C:\Users\Ranger\.m2\repository\com\github\binarywang\wx-java-mp-spring-boot-starter\4.4.0\wx-java-mp-spring-boot-starter-4.4.0.jar;C:\Users\Ranger\.m2\repository\com\github\binarywang\weixin-java-mp\4.4.0\weixin-java-mp-4.4.0.jar;C:\Users\Ranger\.m2\repository\com\github\binarywang\weixin-java-common\4.4.0\weixin-java-common-4.4.0.jar;C:\Users\Ranger\.m2\repository\com\thoughtworks\xstream\xstream\1.4.19\xstream-1.4.19.jar;C:\Users\Ranger\.m2\repository\io\github\x-stream\mxparser\1.2.2\mxparser-1.2.2.jar;C:\Users\Ranger\.m2\repository\xmlpull\xmlpull\1.1.3.1\xmlpull-1.1.3.1.jar;C:\Users\Ranger\.m2\repository\org\apache\httpcomponents\httpmime\4.5.13\httpmime-4.5.13.jar;C:\Users\Ranger\.m2\repository\org\slf4j\jcl-over-slf4j\1.7.36\jcl-over-slf4j-1.7.36.jar;C:\Users\Ranger\.m2\repository\commons-io\commons-io\2.7\commons-io-2.7.jar;C:\Users\Ranger\.m2\repository\javax\validation\validation-api\2.0.1.Final\validation-api-2.0.1.Final.jar;C:\Users\Ranger\.m2\repository\org\dom4j\dom4j\2.1.3\dom4j-2.1.3.jar;C:\Users\Ranger\.m2\repository\redis\clients\jedis\3.8.0\jedis-3.8.0.jar;C:\Users\Ranger\.m2\repository\org\apache\commons\commons-pool2\2.11.1\commons-pool2-2.11.1.jar;C:\Users\Ranger\.m2\repository\com\github\xiaoymin\knife4j-spring-boot-starter\3.0.3\knife4j-spring-boot-starter-3.0.3.jar;C:\Users\Ranger\.m2\repository\com\github\xiaoymin\knife4j-spring-boot-autoconfigure\3.0.3\knife4j-spring-boot-autoconfigure-3.0.3.jar;C:\Users\Ranger\.m2\repository\com\github\xiaoymin\knife4j-spring\3.0.3\knife4j-spring-3.0.3.jar;C:\Users\Ranger\.m2\repository\com\github\xiaoymin\knife4j-annotations\3.0.3\knife4j-annotations-3.0.3.jar;C:\Users\Ranger\.m2\repository\io\swagger\swagger-annotations\1.5.22\swagger-annotations-1.5.22.jar;C:\Users\Ranger\.m2\repository\io\swagger\core\v3\swagger-annotations\2.1.2\swagger-annotations-2.1.2.jar;C:\Users\Ranger\.m2\repository\com\github\xiaoymin\knife4j-core\3.0.3\knife4j-core-3.0.3.jar;C:\Users\Ranger\.m2\repository\org\javassist\javassist\3.25.0-GA\javassist-3.25.0-GA.jar;C:\Users\Ranger\.m2\repository\io\springfox\springfox-swagger2\3.0.0\springfox-swagger2-3.0.0.jar;C:\Users\Ranger\.m2\repository\io\springfox\springfox-spi\3.0.0\springfox-spi-3.0.0.jar;C:\Users\Ranger\.m2\repository\io\springfox\springfox-schema\3.0.0\springfox-schema-3.0.0.jar;C:\Users\Ranger\.m2\repository\io\springfox\springfox-swagger-common\3.0.0\springfox-swagger-common-3.0.0.jar;C:\Users\Ranger\.m2\repository\io\springfox\springfox-spring-web\3.0.0\springfox-spring-web-3.0.0.jar;C:\Users\Ranger\.m2\repository\io\github\classgraph\classgraph\4.8.83\classgraph-4.8.83.jar;C:\Users\Ranger\.m2\repository\io\springfox\springfox-spring-webflux\3.0.0\springfox-spring-webflux-3.0.0.jar;C:\Users\Ranger\.m2\repository\org\mapstruct\mapstruct\1.3.1.Final\mapstruct-1.3.1.Final.jar;C:\Users\Ranger\.m2\repository\io\springfox\springfox-spring-webmvc\3.0.0\springfox-spring-webmvc-3.0.0.jar;C:\Users\Ranger\.m2\repository\io\springfox\springfox-core\3.0.0\springfox-core-3.0.0.jar;C:\Users\Ranger\.m2\repository\io\springfox\springfox-oas\3.0.0\springfox-oas-3.0.0.jar;C:\Users\Ranger\.m2\repository\io\swagger\core\v3\swagger-models\2.1.2\swagger-models-2.1.2.jar;C:\Users\Ranger\.m2\repository\io\springfox\springfox-bean-validators\3.0.0\springfox-bean-validators-3.0.0.jar;C:\Users\Ranger\.m2\repository\io\swagger\swagger-models\1.5.22\swagger-models-1.5.22.jar;C:\Users\Ranger\.m2\repository\io\swagger\swagger-core\1.5.22\swagger-core-1.5.22.jar;C:\Users\Ranger\.m2\repository\com\fasterxml\jackson\dataformat\jackson-dataformat-yaml\2.13.3\jackson-dataformat-yaml-2.13.3.jar;C:\Users\Ranger\.m2\repository\io\springfox\springfox-boot-starter\3.0.0\springfox-boot-starter-3.0.0.jar;C:\Users\Ranger\.m2\repository\io\springfox\springfox-data-rest\3.0.0\springfox-data-rest-3.0.0.jar;C:\Users\Ranger\.m2\repository\com\fasterxml\classmate\1.5.1\classmate-1.5.1.jar;C:\Users\Ranger\.m2\repository\org\springframework\plugin\spring-plugin-core\2.0.0.RELEASE\spring-plugin-core-2.0.0.RELEASE.jar;C:\Users\Ranger\.m2\repository\org\springframework\plugin\spring-plugin-metadata\2.0.0.RELEASE\spring-plugin-metadata-2.0.0.RELEASE.jar;C:\Users\Ranger\.m2\repository\com\github\xiaoymin\knife4j-spring-ui\3.0.3\knife4j-spring-ui-3.0.3.jar;C:\Users\Ranger\.m2\repository\com\qcloud\cos_api\5.6.89\cos_api-5.6.89.jar;C:\Users\Ranger\.m2\repository\org\apache\httpcomponents\httpclient\4.5.13\httpclient-4.5.13.jar;C:\Users\Ranger\.m2\repository\org\apache\httpcomponents\httpcore\4.4.15\httpcore-4.4.15.jar;C:\Users\Ranger\.m2\repository\org\slf4j\slf4j-api\1.7.36\slf4j-api-1.7.36.jar;C:\Users\Ranger\.m2\repository\commons-codec\commons-codec\1.15\commons-codec-1.15.jar;C:\Users\Ranger\.m2\repository\joda-time\joda-time\2.9.9\joda-time-2.9.9.jar;C:\Users\Ranger\.m2\repository\com\fasterxml\jackson\core\jackson-databind\2.13.3\jackson-databind-2.13.3.jar;C:\Users\Ranger\.m2\repository\com\fasterxml\jackson\core\jackson-annotations\2.13.3\jackson-annotations-2.13.3.jar;C:\Users\Ranger\.m2\repository\com\tencentcloudapi\tencentcloud-sdk-java-kms\3.1.213\tencentcloud-sdk-java-kms-3.1.213.jar;C:\Users\Ranger\.m2\repository\com\tencentcloudapi\tencentcloud-sdk-java-common\3.1.213\tencentcloud-sdk-java-common-3.1.213.jar;C:\Users\Ranger\.m2\repository\commons-logging\commons-logging\1.2\commons-logging-1.2.jar;C:\Users\Ranger\.m2\repository\com\squareup\okhttp\logging-interceptor\2.7.5\logging-interceptor-2.7.5.jar;C:\Users\Ranger\.m2\repository\com\squareup\okhttp\okhttp\2.7.5\okhttp-2.7.5.jar;C:\Users\Ranger\.m2\repository\javax\xml\bind\jaxb-api\2.3.1\jaxb-api-2.3.1.jar;C:\Users\Ranger\.m2\repository\javax\activation\javax.activation-api\1.2.0\javax.activation-api-1.2.0.jar;C:\Users\Ranger\.m2\repository\org\bouncycastle\bcprov-jdk15on\1.67\bcprov-jdk15on-1.67.jar;C:\Users\Ranger\.m2\repository\org\apache\commons\commons-lang3\3.12.0\commons-lang3-3.12.0.jar;C:\Users\Ranger\.m2\repository\com\google\code\gson\gson\2.9.1\gson-2.9.1.jar;C:\Users\Ranger\.m2\repository\com\alibaba\easyexcel\3.1.1\easyexcel-3.1.1.jar;C:\Users\Ranger\.m2\repository\com\alibaba\easyexcel-core\3.1.1\easyexcel-core-3.1.1.jar;C:\Users\Ranger\.m2\repository\com\alibaba\easyexcel-support\3.1.1\easyexcel-support-3.1.1.jar;C:\Users\Ranger\.m2\repository\org\apache\poi\poi\4.1.2\poi-4.1.2.jar;C:\Users\Ranger\.m2\repository\org\apache\commons\commons-collections4\4.4\commons-collections4-4.4.jar;C:\Users\Ranger\.m2\repository\org\apache\commons\commons-math3\3.6.1\commons-math3-3.6.1.jar;C:\Users\Ranger\.m2\repository\com\zaxxer\SparseBitSet\1.2\SparseBitSet-1.2.jar;C:\Users\Ranger\.m2\repository\org\apache\poi\poi-ooxml\4.1.2\poi-ooxml-4.1.2.jar;C:\Users\Ranger\.m2\repository\org\apache\commons\commons-compress\1.19\commons-compress-1.19.jar;C:\Users\Ranger\.m2\repository\com\github\virtuald\curvesapi\1.06\curvesapi-1.06.jar;C:\Users\Ranger\.m2\repository\org\apache\poi\poi-ooxml-schemas\4.1.2\poi-ooxml-schemas-4.1.2.jar;C:\Users\Ranger\.m2\repository\org\apache\xmlbeans\xmlbeans\3.1.0\xmlbeans-3.1.0.jar;C:\Users\Ranger\.m2\repository\org\apache\commons\commons-csv\1.8\commons-csv-1.8.jar;C:\Users\Ranger\.m2\repository\org\ehcache\ehcache\3.10.0\ehcache-3.10.0.jar;C:\Users\Ranger\.m2\repository\javax\cache\cache-api\1.1.1\cache-api-1.1.1.jar;C:\Users\Ranger\.m2\repository\org\glassfish\jaxb\jaxb-runtime\2.3.6\jaxb-runtime-2.3.6.jar;C:\Users\Ranger\.m2\repository\org\glassfish\jaxb\txw2\2.3.6\txw2-2.3.6.jar;C:\Users\Ranger\.m2\repository\com\sun\istack\istack-commons-runtime\3.0.12\istack-commons-runtime-3.0.12.jar;C:\Users\Ranger\.m2\repository\com\sun\activation\jakarta.activation\1.2.2\jakarta.activation-1.2.2.jar;C:\Users\Ranger\.m2\repository\cn\hutool\hutool-all\5.8.8\hutool-all-5.8.8.jar;C:\Users\Ranger\.m2\repository\org\springframework\boot\spring-boot-devtools\2.7.2\spring-boot-devtools-2.7.2.jar;C:\Users\Ranger\.m2\repository\org\springframework\boot\spring-boot\2.7.2\spring-boot-2.7.2.jar;C:\Users\Ranger\.m2\repository\mysql\mysql-connector-java\8.0.29\mysql-connector-java-8.0.29.jar;C:\Users\Ranger\.m2\repository\org\springframework\boot\spring-boot-configuration-processor\2.7.2\spring-boot-configuration-processor-2.7.2.jar;C:\Users\Ranger\.m2\repository\org\projectlombok\lombok\1.18.24\lombok-1.18.24.jar;C:\Users\Ranger\.m2\repository\org\springframework\boot\spring-boot-starter-test\2.7.2\spring-boot-starter-test-2.7.2.jar;C:\Users\Ranger\.m2\repository\org\springframework\boot\spring-boot-test\2.7.2\spring-boot-test-2.7.2.jar;C:\Users\Ranger\.m2\repository\org\springframework\boot\spring-boot-test-autoconfigure\2.7.2\spring-boot-test-autoconfigure-2.7.2.jar;C:\Users\Ranger\.m2\repository\com\jayway\jsonpath\json-path\2.7.0\json-path-2.7.0.jar;C:\Users\Ranger\.m2\repository\net\minidev\json-smart\2.4.8\json-smart-2.4.8.jar;C:\Users\Ranger\.m2\repository\net\minidev\accessors-smart\2.4.8\accessors-smart-2.4.8.jar;C:\Users\Ranger\.m2\repository\org\ow2\asm\asm\9.1\asm-9.1.jar;C:\Users\Ranger\.m2\repository\jakarta\xml\bind\jakarta.xml.bind-api\2.3.3\jakarta.xml.bind-api-2.3.3.jar;C:\Users\Ranger\.m2\repository\jakarta\activation\jakarta.activation-api\1.2.2\jakarta.activation-api-1.2.2.jar;C:\Users\Ranger\.m2\repository\org\assertj\assertj-core\3.22.0\assertj-core-3.22.0.jar;C:\Users\Ranger\.m2\repository\org\hamcrest\hamcrest\2.2\hamcrest-2.2.jar;C:\Users\Ranger\.m2\repository\org\junit\jupiter\junit-jupiter\5.8.2\junit-jupiter-5.8.2.jar;C:\Users\Ranger\.m2\repository\org\junit\jupiter\junit-jupiter-api\5.8.2\junit-jupiter-api-5.8.2.jar;C:\Users\Ranger\.m2\repository\org\opentest4j\opentest4j\1.2.0\opentest4j-1.2.0.jar;C:\Users\Ranger\.m2\repository\org\junit\platform\junit-platform-commons\1.8.2\junit-platform-commons-1.8.2.jar;C:\Users\Ranger\.m2\repository\org\apiguardian\apiguardian-api\1.1.2\apiguardian-api-1.1.2.jar;C:\Users\Ranger\.m2\repository\org\junit\jupiter\junit-jupiter-params\5.8.2\junit-jupiter-params-5.8.2.jar;C:\Users\Ranger\.m2\repository\org\junit\jupiter\junit-jupiter-engine\5.8.2\junit-jupiter-engine-5.8.2.jar;C:\Users\Ranger\.m2\repository\org\junit\platform\junit-platform-engine\1.8.2\junit-platform-engine-1.8.2.jar;C:\Users\Ranger\.m2\repository\org\mockito\mockito-core\4.5.1\mockito-core-4.5.1.jar;C:\Users\Ranger\.m2\repository\net\bytebuddy\byte-buddy\1.12.12\byte-buddy-1.12.12.jar;C:\Users\Ranger\.m2\repository\net\bytebuddy\byte-buddy-agent\1.12.12\byte-buddy-agent-1.12.12.jar;C:\Users\Ranger\.m2\repository\org\objenesis\objenesis\3.2\objenesis-3.2.jar;C:\Users\Ranger\.m2\repository\org\mockito\mockito-junit-jupiter\4.5.1\mockito-junit-jupiter-4.5.1.jar;C:\Users\Ranger\.m2\repository\org\skyscreamer\jsonassert\1.5.1\jsonassert-1.5.1.jar;C:\Users\Ranger\.m2\repository\com\vaadin\external\google\android-json\0.0.20131108.vaadin1\android-json-0.0.20131108.vaadin1.jar;C:\Users\Ranger\.m2\repository\org\springframework\spring-core\5.3.22\spring-core-5.3.22.jar;C:\Users\Ranger\.m2\repository\org\springframework\spring-test\5.3.22\spring-test-5.3.22.jar;C:\Users\Ranger\.m2\repository\org\xmlunit\xmlunit-core\2.9.0\xmlunit-core-2.9.0.jar;C:\Users\Ranger\.m2\repository\io\github\lnyo-cly\ai4j-spring-boot-starter\1.3.0\ai4j-spring-boot-starter-1.3.0.jar;C:\Users\Ranger\.m2\repository\io\github\lnyo-cly\ai4j\1.3.0\ai4j-1.3.0.jar;C:\Users\Ranger\.m2\repository\org\apache\tika\tika-core\2.9.2\tika-core-2.9.2.jar;C:\Users\Ranger\.m2\repository\org\apache\tika\tika-parsers-standard-package\2.8.0\tika-parsers-standard-package-2.8.0.jar;C:\Users\Ranger\.m2\repository\org\apache\tika\tika-parser-apple-module\2.8.0\tika-parser-apple-module-2.8.0.jar;C:\Users\Ranger\.m2\repository\org\apache\tika\tika-parser-zip-commons\2.8.0\tika-parser-zip-commons-2.8.0.jar;C:\Users\Ranger\.m2\repository\com\googlecode\plist\dd-plist\1.27\dd-plist-1.27.jar;C:\Users\Ranger\.m2\repository\org\apache\tika\tika-parser-audiovideo-module\2.8.0\tika-parser-audiovideo-module-2.8.0.jar;C:\Users\Ranger\.m2\repository\com\drewnoakes\metadata-extractor\2.18.0\metadata-extractor-2.18.0.jar;C:\Users\Ranger\.m2\repository\com\adobe\xmp\xmpcore\6.1.11\xmpcore-6.1.11.jar;C:\Users\Ranger\.m2\repository\org\apache\tika\tika-parser-cad-module\2.8.0\tika-parser-cad-module-2.8.0.jar;C:\Users\Ranger\.m2\repository\org\apache\tika\tika-parser-code-module\2.8.0\tika-parser-code-module-2.8.0.jar;C:\Users\Ranger\.m2\repository\org\codelibs\jhighlight\1.1.0\jhighlight-1.1.0.jar;C:\Users\Ranger\.m2\repository\org\ccil\cowan\tagsoup\tagsoup\1.2.1\tagsoup-1.2.1.jar;C:\Users\Ranger\.m2\repository\com\epam\parso\2.0.14\parso-2.0.14.jar;C:\Users\Ranger\.m2\repository\org\tallison\jmatio\1.5\jmatio-1.5.jar;C:\Users\Ranger\.m2\repository\org\apache\tika\tika-parser-crypto-module\2.8.0\tika-parser-crypto-module-2.8.0.jar;C:\Users\Ranger\.m2\repository\org\bouncycastle\bcmail-jdk18on\1.73\bcmail-jdk18on-1.73.jar;C:\Users\Ranger\.m2\repository\org\bouncycastle\bcutil-jdk18on\1.73\bcutil-jdk18on-1.73.jar;C:\Users\Ranger\.m2\repository\org\bouncycastle\bcpkix-jdk18on\1.73\bcpkix-jdk18on-1.73.jar;C:\Users\Ranger\.m2\repository\org\bouncycastle\bcprov-jdk18on\1.73\bcprov-jdk18on-1.73.jar;C:\Users\Ranger\.m2\repository\org\apache\tika\tika-parser-digest-commons\2.8.0\tika-parser-digest-commons-2.8.0.jar;C:\Users\Ranger\.m2\repository\org\apache\tika\tika-parser-font-module\2.8.0\tika-parser-font-module-2.8.0.jar;C:\Users\Ranger\.m2\repository\org\apache\pdfbox\fontbox\2.0.28\fontbox-2.0.28.jar;C:\Users\Ranger\.m2\repository\org\apache\tika\tika-parser-html-module\2.8.0\tika-parser-html-module-2.8.0.jar;C:\Users\Ranger\.m2\repository\org\apache\tika\tika-parser-image-module\2.8.0\tika-parser-image-module-2.8.0.jar;C:\Users\Ranger\.m2\repository\com\github\jai-imageio\jai-imageio-core\1.4.0\jai-imageio-core-1.4.0.jar;C:\Users\Ranger\.m2\repository\org\apache\pdfbox\jbig2-imageio\3.0.4\jbig2-imageio-3.0.4.jar;C:\Users\Ranger\.m2\repository\org\apache\tika\tika-parser-mail-module\2.8.0\tika-parser-mail-module-2.8.0.jar;C:\Users\Ranger\.m2\repository\org\apache\tika\tika-parser-mail-commons\2.8.0\tika-parser-mail-commons-2.8.0.jar;C:\Users\Ranger\.m2\repository\org\apache\james\apache-mime4j-core\0.8.9\apache-mime4j-core-0.8.9.jar;C:\Users\Ranger\.m2\repository\org\apache\james\apache-mime4j-dom\0.8.9\apache-mime4j-dom-0.8.9.jar;C:\Users\Ranger\.m2\repository\org\apache\tika\tika-parser-microsoft-module\2.8.0\tika-parser-microsoft-module-2.8.0.jar;C:\Users\Ranger\.m2\repository\com\pff\java-libpst\0.9.3\java-libpst-0.9.3.jar;C:\Users\Ranger\.m2\repository\org\apache\poi\poi-scratchpad\5.2.3\poi-scratchpad-5.2.3.jar;C:\Users\Ranger\.m2\repository\com\healthmarketscience\jackcess\jackcess\4.0.5\jackcess-4.0.5.jar;C:\Users\Ranger\.m2\repository\com\healthmarketscience\jackcess\jackcess-encrypt\4.0.2\jackcess-encrypt-4.0.2.jar;C:\Users\Ranger\.m2\repository\org\apache\tika\tika-parser-miscoffice-module\2.8.0\tika-parser-miscoffice-module-2.8.0.jar;C:\Users\Ranger\.m2\repository\org\apache\tika\tika-parser-news-module\2.8.0\tika-parser-news-module-2.8.0.jar;C:\Users\Ranger\.m2\repository\com\rometools\rome\1.19.0\rome-1.19.0.jar;C:\Users\Ranger\.m2\repository\com\rometools\rome-utils\1.19.0\rome-utils-1.19.0.jar;C:\Users\Ranger\.m2\repository\org\jdom\jdom2\2.0.6.1\jdom2-2.0.6.1.jar;C:\Users\Ranger\.m2\repository\org\apache\tika\tika-parser-ocr-module\2.8.0\tika-parser-ocr-module-2.8.0.jar;C:\Users\Ranger\.m2\repository\org\apache\commons\commons-exec\1.3\commons-exec-1.3.jar;C:\Users\Ranger\.m2\repository\org\apache\tika\tika-parser-pdf-module\2.8.0\tika-parser-pdf-module-2.8.0.jar;C:\Users\Ranger\.m2\repository\org\apache\pdfbox\pdfbox\2.0.28\pdfbox-2.0.28.jar;C:\Users\Ranger\.m2\repository\org\apache\pdfbox\pdfbox-tools\2.0.28\pdfbox-tools-2.0.28.jar;C:\Users\Ranger\.m2\repository\org\apache\pdfbox\jempbox\1.8.17\jempbox-1.8.17.jar;C:\Users\Ranger\.m2\repository\org\apache\tika\tika-parser-pkg-module\2.8.0\tika-parser-pkg-module-2.8.0.jar;C:\Users\Ranger\.m2\repository\org\tukaani\xz\1.9\xz-1.9.jar;C:\Users\Ranger\.m2\repository\org\brotli\dec\0.1.2\dec-0.1.2.jar;C:\Users\Ranger\.m2\repository\com\github\junrar\junrar\7.5.4\junrar-7.5.4.jar;C:\Users\Ranger\.m2\repository\org\apache\tika\tika-parser-text-module\2.8.0\tika-parser-text-module-2.8.0.jar;C:\Users\Ranger\.m2\repository\com\github\albfernandez\juniversalchardet\2.4.0\juniversalchardet-2.4.0.jar;C:\Users\Ranger\.m2\repository\org\apache\tika\tika-parser-webarchive-module\2.8.0\tika-parser-webarchive-module-2.8.0.jar;C:\Users\Ranger\.m2\repository\org\netpreserve\jwarc\0.21.0\jwarc-0.21.0.jar;C:\Users\Ranger\.m2\repository\org\apache\tika\tika-parser-xml-module\2.8.0\tika-parser-xml-module-2.8.0.jar;C:\Users\Ranger\.m2\repository\xerces\xercesImpl\2.12.2\xercesImpl-2.12.2.jar;C:\Users\Ranger\.m2\repository\xml-apis\xml-apis\1.4.01\xml-apis-1.4.01.jar;C:\Users\Ranger\.m2\repository\org\apache\tika\tika-parser-xmp-commons\2.8.0\tika-parser-xmp-commons-2.8.0.jar;C:\Users\Ranger\.m2\repository\org\apache\pdfbox\xmpbox\2.0.28\xmpbox-2.0.28.jar;C:\Users\Ranger\.m2\repository\org\gagravarr\vorbis-java-tika\0.8\vorbis-java-tika-0.8.jar;C:\Users\Ranger\.m2\repository\org\gagravarr\vorbis-java-core\0.8\vorbis-java-core-0.8.jar;C:\Users\Ranger\.m2\repository\com\knuddels\jtokkit\1.1.0\jtokkit-1.1.0.jar;C:\Users\Ranger\.m2\repository\ch\qos\logback\logback-classic\1.2.11\logback-classic-1.2.11.jar;C:\Users\Ranger\.m2\repository\ch\qos\logback\logback-core\1.2.11\logback-core-1.2.11.jar;C:\Users\Ranger\.m2\repository\org\slf4j\slf4j-reload4j\1.7.36\slf4j-reload4j-1.7.36.jar;C:\Users\Ranger\.m2\repository\ch\qos\reload4j\reload4j\1.2.19\reload4j-1.2.19.jar;C:\Users\Ranger\.m2\repository\org\reflections\reflections\0.10.2\reflections-0.10.2.jar;C:\Users\Ranger\.m2\repository\com\alibaba\fastjson2\fastjson2\2.0.43\fastjson2-2.0.43.jar;C:\Users\Ranger\.m2\repository\com\squareup\okhttp3\okhttp-sse\4.9.3\okhttp-sse-4.9.3.jar;C:\Users\Ranger\.m2\repository\com\squareup\okhttp3\logging-interceptor\4.9.3\logging-interceptor-4.9.3.jar;C:\Users\Ranger\.m2\repository\com\google\guava\guava\33.0.0-jre\guava-33.0.0-jre.jar;C:\Users\Ranger\.m2\repository\com\google\guava\failureaccess\1.0.2\failureaccess-1.0.2.jar;C:\Users\Ranger\.m2\repository\com\google\guava\listenablefuture\9999.0-empty-to-avoid-conflict-with-guava\listenablefuture-9999.0-empty-to-avoid-conflict-with-guava.jar;C:\Users\Ranger\.m2\repository\org\checkerframework\checker-qual\3.41.0\checker-qual-3.41.0.jar;C:\Users\Ranger\.m2\repository\com\google\errorprone\error_prone_annotations\2.23.0\error_prone_annotations-2.23.0.jar;C:\Users\Ranger\.m2\repository\com\google\j2objc\j2objc-annotations\2.8\j2objc-annotations-2.8.jar;C:\Users\Ranger\.m2\repository\com\auth0\java-jwt\4.4.0\java-jwt-4.4.0.jar;C:\Users\Ranger\.m2\repository\javax\annotation\javax.annotation-api\1.3.2\javax.annotation-api-1.3.2.jar;C:\Users\Ranger\.m2\repository\com\squareup\okhttp3\okhttp\4.9.3\okhttp-4.9.3.jar;C:\Users\Ranger\.m2\repository\com\squareup\okio\okio\2.8.0\okio-2.8.0.jar;C:\Users\Ranger\.m2\repository\org\jetbrains\kotlin\kotlin-stdlib-common\1.6.21\kotlin-stdlib-common-1.6.21.jar;C:\Users\Ranger\.m2\repository\org\jetbrains\kotlin\kotlin-stdlib\1.6.21\kotlin-stdlib-1.6.21.jar;C:\Users\Ranger\.m2\repository\org\jetbrains\annotations\13.0\annotations-13.0.jar;"/>
    <property name="java.vm.vendor" value="Oracle Corporation"/>
    <property name="sun.arch.data.model" value="64"/>
    <property name="user.variant" value=""/>
    <property name="java.vendor.url" value="https://java.oracle.com/"/>
    <property name="user.timezone" value="Asia/Shanghai"/>
    <property name="os.name" value="Windows 10"/>
    <property name="java.vm.specification.version" value="20"/>
    <property name="sun.java.launcher" value="SUN_STANDARD"/>
    <property name="user.country" value="CN"/>
    <property name="sun.boot.library.path" value="C:\Users\Ranger\.jdks\openjdk-20.0.1\bin"/>
    <property name="sun.java.command" value="C:\Users\Ranger\AppData\Local\Temp\surefire2230515520776799591\surefirebooter14398802436229232257.jar C:\Users\Ranger\AppData\Local\Temp\surefire2230515520776799591 2025-04-17T16-20-07_175-jvmRun1 surefire11807986629676941813tmp surefire_013198376017757943829tmp"/>
    <property name="jdk.debug" value="release"/>
    <property name="surefire.test.class.path" value="D:\IdeaProjects\llmoj-backend-master\target\test-classes;D:\IdeaProjects\llmoj-backend-master\target\classes;C:\Users\Ranger\.m2\repository\org\springframework\boot\spring-boot-starter-freemarker\2.7.2\spring-boot-starter-freemarker-2.7.2.jar;C:\Users\Ranger\.m2\repository\org\springframework\boot\spring-boot-starter\2.7.2\spring-boot-starter-2.7.2.jar;C:\Users\Ranger\.m2\repository\org\springframework\boot\spring-boot-starter-logging\2.7.2\spring-boot-starter-logging-2.7.2.jar;C:\Users\Ranger\.m2\repository\org\apache\logging\log4j\log4j-to-slf4j\2.17.2\log4j-to-slf4j-2.17.2.jar;C:\Users\Ranger\.m2\repository\org\apache\logging\log4j\log4j-api\2.17.2\log4j-api-2.17.2.jar;C:\Users\Ranger\.m2\repository\org\slf4j\jul-to-slf4j\1.7.36\jul-to-slf4j-1.7.36.jar;C:\Users\Ranger\.m2\repository\jakarta\annotation\jakarta.annotation-api\1.3.5\jakarta.annotation-api-1.3.5.jar;C:\Users\Ranger\.m2\repository\org\yaml\snakeyaml\1.30\snakeyaml-1.30.jar;C:\Users\Ranger\.m2\repository\org\freemarker\freemarker\2.3.31\freemarker-2.3.31.jar;C:\Users\Ranger\.m2\repository\org\springframework\spring-context-support\5.3.22\spring-context-support-5.3.22.jar;C:\Users\Ranger\.m2\repository\org\springframework\spring-beans\5.3.22\spring-beans-5.3.22.jar;C:\Users\Ranger\.m2\repository\org\springframework\spring-context\5.3.22\spring-context-5.3.22.jar;C:\Users\Ranger\.m2\repository\org\springframework\boot\spring-boot-starter-web\2.7.2\spring-boot-starter-web-2.7.2.jar;C:\Users\Ranger\.m2\repository\org\springframework\boot\spring-boot-starter-json\2.7.2\spring-boot-starter-json-2.7.2.jar;C:\Users\Ranger\.m2\repository\com\fasterxml\jackson\datatype\jackson-datatype-jdk8\2.13.3\jackson-datatype-jdk8-2.13.3.jar;C:\Users\Ranger\.m2\repository\com\fasterxml\jackson\datatype\jackson-datatype-jsr310\2.13.3\jackson-datatype-jsr310-2.13.3.jar;C:\Users\Ranger\.m2\repository\com\fasterxml\jackson\module\jackson-module-parameter-names\2.13.3\jackson-module-parameter-names-2.13.3.jar;C:\Users\Ranger\.m2\repository\org\springframework\boot\spring-boot-starter-tomcat\2.7.2\spring-boot-starter-tomcat-2.7.2.jar;C:\Users\Ranger\.m2\repository\org\apache\tomcat\embed\tomcat-embed-core\9.0.65\tomcat-embed-core-9.0.65.jar;C:\Users\Ranger\.m2\repository\org\apache\tomcat\embed\tomcat-embed-el\9.0.65\tomcat-embed-el-9.0.65.jar;C:\Users\Ranger\.m2\repository\org\apache\tomcat\embed\tomcat-embed-websocket\9.0.65\tomcat-embed-websocket-9.0.65.jar;C:\Users\Ranger\.m2\repository\org\springframework\spring-web\5.3.22\spring-web-5.3.22.jar;C:\Users\Ranger\.m2\repository\org\springframework\spring-webmvc\5.3.22\spring-webmvc-5.3.22.jar;C:\Users\Ranger\.m2\repository\org\springframework\spring-expression\5.3.22\spring-expression-5.3.22.jar;C:\Users\Ranger\.m2\repository\org\springframework\boot\spring-boot-starter-aop\2.7.2\spring-boot-starter-aop-2.7.2.jar;C:\Users\Ranger\.m2\repository\org\springframework\spring-aop\5.3.22\spring-aop-5.3.22.jar;C:\Users\Ranger\.m2\repository\org\aspectj\aspectjweaver\1.9.7\aspectjweaver-1.9.7.jar;C:\Users\Ranger\.m2\repository\org\mybatis\spring\boot\mybatis-spring-boot-starter\2.2.2\mybatis-spring-boot-starter-2.2.2.jar;C:\Users\Ranger\.m2\repository\org\springframework\boot\spring-boot-starter-jdbc\2.7.2\spring-boot-starter-jdbc-2.7.2.jar;C:\Users\Ranger\.m2\repository\com\zaxxer\HikariCP\4.0.3\HikariCP-4.0.3.jar;C:\Users\Ranger\.m2\repository\org\springframework\spring-jdbc\5.3.22\spring-jdbc-5.3.22.jar;C:\Users\Ranger\.m2\repository\org\mybatis\spring\boot\mybatis-spring-boot-autoconfigure\2.2.2\mybatis-spring-boot-autoconfigure-2.2.2.jar;C:\Users\Ranger\.m2\repository\org\mybatis\mybatis\3.5.9\mybatis-3.5.9.jar;C:\Users\Ranger\.m2\repository\org\mybatis\mybatis-spring\2.0.7\mybatis-spring-2.0.7.jar;C:\Users\Ranger\.m2\repository\com\baomidou\mybatis-plus-boot-starter\3.5.2\mybatis-plus-boot-starter-3.5.2.jar;C:\Users\Ranger\.m2\repository\com\baomidou\mybatis-plus\3.5.2\mybatis-plus-3.5.2.jar;C:\Users\Ranger\.m2\repository\com\baomidou\mybatis-plus-extension\3.5.2\mybatis-plus-extension-3.5.2.jar;C:\Users\Ranger\.m2\repository\com\baomidou\mybatis-plus-core\3.5.2\mybatis-plus-core-3.5.2.jar;C:\Users\Ranger\.m2\repository\com\baomidou\mybatis-plus-annotation\3.5.2\mybatis-plus-annotation-3.5.2.jar;C:\Users\Ranger\.m2\repository\com\github\jsqlparser\jsqlparser\4.4\jsqlparser-4.4.jar;C:\Users\Ranger\.m2\repository\org\jetbrains\kotlin\kotlin-stdlib-jdk8\1.6.21\kotlin-stdlib-jdk8-1.6.21.jar;C:\Users\Ranger\.m2\repository\org\jetbrains\kotlin\kotlin-stdlib-jdk7\1.6.21\kotlin-stdlib-jdk7-1.6.21.jar;C:\Users\Ranger\.m2\repository\org\springframework\boot\spring-boot-autoconfigure\2.7.2\spring-boot-autoconfigure-2.7.2.jar;C:\Users\Ranger\.m2\repository\org\springframework\boot\spring-boot-starter-data-redis\2.7.2\spring-boot-starter-data-redis-2.7.2.jar;C:\Users\Ranger\.m2\repository\org\springframework\data\spring-data-redis\2.7.2\spring-data-redis-2.7.2.jar;C:\Users\Ranger\.m2\repository\org\springframework\data\spring-data-keyvalue\2.7.2\spring-data-keyvalue-2.7.2.jar;C:\Users\Ranger\.m2\repository\org\springframework\spring-tx\5.3.22\spring-tx-5.3.22.jar;C:\Users\Ranger\.m2\repository\org\springframework\spring-oxm\5.3.22\spring-oxm-5.3.22.jar;C:\Users\Ranger\.m2\repository\io\lettuce\lettuce-core\6.1.9.RELEASE\lettuce-core-6.1.9.RELEASE.jar;C:\Users\Ranger\.m2\repository\io\netty\netty-common\4.1.79.Final\netty-common-4.1.79.Final.jar;C:\Users\Ranger\.m2\repository\io\netty\netty-handler\4.1.79.Final\netty-handler-4.1.79.Final.jar;C:\Users\Ranger\.m2\repository\io\netty\netty-resolver\4.1.79.Final\netty-resolver-4.1.79.Final.jar;C:\Users\Ranger\.m2\repository\io\netty\netty-buffer\4.1.79.Final\netty-buffer-4.1.79.Final.jar;C:\Users\Ranger\.m2\repository\io\netty\netty-transport-native-unix-common\4.1.79.Final\netty-transport-native-unix-common-4.1.79.Final.jar;C:\Users\Ranger\.m2\repository\io\netty\netty-codec\4.1.79.Final\netty-codec-4.1.79.Final.jar;C:\Users\Ranger\.m2\repository\io\netty\netty-transport\4.1.79.Final\netty-transport-4.1.79.Final.jar;C:\Users\Ranger\.m2\repository\io\projectreactor\reactor-core\3.4.21\reactor-core-3.4.21.jar;C:\Users\Ranger\.m2\repository\org\reactivestreams\reactive-streams\1.0.4\reactive-streams-1.0.4.jar;C:\Users\Ranger\.m2\repository\org\springframework\session\spring-session-data-redis\2.7.0\spring-session-data-redis-2.7.0.jar;C:\Users\Ranger\.m2\repository\org\springframework\session\spring-session-core\2.7.0\spring-session-core-2.7.0.jar;C:\Users\Ranger\.m2\repository\org\springframework\spring-jcl\5.3.22\spring-jcl-5.3.22.jar;C:\Users\Ranger\.m2\repository\org\springframework\boot\spring-boot-starter-data-elasticsearch\2.7.2\spring-boot-starter-data-elasticsearch-2.7.2.jar;C:\Users\Ranger\.m2\repository\org\springframework\data\spring-data-elasticsearch\4.4.2\spring-data-elasticsearch-4.4.2.jar;C:\Users\Ranger\.m2\repository\org\springframework\data\spring-data-commons\2.7.2\spring-data-commons-2.7.2.jar;C:\Users\Ranger\.m2\repository\org\elasticsearch\client\elasticsearch-rest-high-level-client\7.17.4\elasticsearch-rest-high-level-client-7.17.4.jar;C:\Users\Ranger\.m2\repository\org\elasticsearch\elasticsearch\7.17.4\elasticsearch-7.17.4.jar;C:\Users\Ranger\.m2\repository\org\elasticsearch\elasticsearch-core\7.17.4\elasticsearch-core-7.17.4.jar;C:\Users\Ranger\.m2\repository\org\elasticsearch\elasticsearch-secure-sm\7.17.4\elasticsearch-secure-sm-7.17.4.jar;C:\Users\Ranger\.m2\repository\org\elasticsearch\elasticsearch-x-content\7.17.4\elasticsearch-x-content-7.17.4.jar;C:\Users\Ranger\.m2\repository\com\fasterxml\jackson\dataformat\jackson-dataformat-smile\2.13.3\jackson-dataformat-smile-2.13.3.jar;C:\Users\Ranger\.m2\repository\com\fasterxml\jackson\dataformat\jackson-dataformat-cbor\2.13.3\jackson-dataformat-cbor-2.13.3.jar;C:\Users\Ranger\.m2\repository\org\elasticsearch\elasticsearch-geo\7.17.4\elasticsearch-geo-7.17.4.jar;C:\Users\Ranger\.m2\repository\org\elasticsearch\elasticsearch-lz4\7.17.4\elasticsearch-lz4-7.17.4.jar;C:\Users\Ranger\.m2\repository\org\lz4\lz4-java\1.8.0\lz4-java-1.8.0.jar;C:\Users\Ranger\.m2\repository\org\apache\lucene\lucene-core\8.11.1\lucene-core-8.11.1.jar;C:\Users\Ranger\.m2\repository\org\apache\lucene\lucene-analyzers-common\8.11.1\lucene-analyzers-common-8.11.1.jar;C:\Users\Ranger\.m2\repository\org\apache\lucene\lucene-backward-codecs\8.11.1\lucene-backward-codecs-8.11.1.jar;C:\Users\Ranger\.m2\repository\org\apache\lucene\lucene-grouping\8.11.1\lucene-grouping-8.11.1.jar;C:\Users\Ranger\.m2\repository\org\apache\lucene\lucene-highlighter\8.11.1\lucene-highlighter-8.11.1.jar;C:\Users\Ranger\.m2\repository\org\apache\lucene\lucene-join\8.11.1\lucene-join-8.11.1.jar;C:\Users\Ranger\.m2\repository\org\apache\lucene\lucene-memory\8.11.1\lucene-memory-8.11.1.jar;C:\Users\Ranger\.m2\repository\org\apache\lucene\lucene-misc\8.11.1\lucene-misc-8.11.1.jar;C:\Users\Ranger\.m2\repository\org\apache\lucene\lucene-queries\8.11.1\lucene-queries-8.11.1.jar;C:\Users\Ranger\.m2\repository\org\apache\lucene\lucene-queryparser\8.11.1\lucene-queryparser-8.11.1.jar;C:\Users\Ranger\.m2\repository\org\apache\lucene\lucene-sandbox\8.11.1\lucene-sandbox-8.11.1.jar;C:\Users\Ranger\.m2\repository\org\apache\lucene\lucene-spatial3d\8.11.1\lucene-spatial3d-8.11.1.jar;C:\Users\Ranger\.m2\repository\org\apache\lucene\lucene-suggest\8.11.1\lucene-suggest-8.11.1.jar;C:\Users\Ranger\.m2\repository\org\elasticsearch\elasticsearch-cli\7.17.4\elasticsearch-cli-7.17.4.jar;C:\Users\Ranger\.m2\repository\net\sf\jopt-simple\jopt-simple\5.0.2\jopt-simple-5.0.2.jar;C:\Users\Ranger\.m2\repository\com\carrotsearch\hppc\0.8.1\hppc-0.8.1.jar;C:\Users\Ranger\.m2\repository\com\tdunning\t-digest\3.2\t-digest-3.2.jar;C:\Users\Ranger\.m2\repository\org\hdrhistogram\HdrHistogram\2.1.9\HdrHistogram-2.1.9.jar;C:\Users\Ranger\.m2\repository\net\java\dev\jna\jna\5.10.0\jna-5.10.0.jar;C:\Users\Ranger\.m2\repository\org\elasticsearch\elasticsearch-plugin-classloader\7.17.4\elasticsearch-plugin-classloader-7.17.4.jar;C:\Users\Ranger\.m2\repository\org\elasticsearch\plugin\mapper-extras-client\7.17.4\mapper-extras-client-7.17.4.jar;C:\Users\Ranger\.m2\repository\org\elasticsearch\plugin\parent-join-client\7.17.4\parent-join-client-7.17.4.jar;C:\Users\Ranger\.m2\repository\org\elasticsearch\plugin\aggs-matrix-stats-client\7.17.4\aggs-matrix-stats-client-7.17.4.jar;C:\Users\Ranger\.m2\repository\org\elasticsearch\plugin\rank-eval-client\7.17.4\rank-eval-client-7.17.4.jar;C:\Users\Ranger\.m2\repository\org\elasticsearch\plugin\lang-mustache-client\7.17.4\lang-mustache-client-7.17.4.jar;C:\Users\Ranger\.m2\repository\com\github\spullara\mustache\java\compiler\0.9.6\compiler-0.9.6.jar;C:\Users\Ranger\.m2\repository\co\elastic\clients\elasticsearch-java\7.17.4\elasticsearch-java-7.17.4.jar;C:\Users\Ranger\.m2\repository\com\google\code\findbugs\jsr305\3.0.2\jsr305-3.0.2.jar;C:\Users\Ranger\.m2\repository\jakarta\json\jakarta.json-api\1.1.6\jakarta.json-api-1.1.6.jar;C:\Users\Ranger\.m2\repository\org\eclipse\parsson\parsson\1.0.0\parsson-1.0.0.jar;C:\Users\Ranger\.m2\repository\org\elasticsearch\client\elasticsearch-rest-client\7.17.4\elasticsearch-rest-client-7.17.4.jar;C:\Users\Ranger\.m2\repository\org\apache\httpcomponents\httpasyncclient\4.1.5\httpasyncclient-4.1.5.jar;C:\Users\Ranger\.m2\repository\org\apache\httpcomponents\httpcore-nio\4.4.15\httpcore-nio-4.4.15.jar;C:\Users\Ranger\.m2\repository\com\fasterxml\jackson\core\jackson-core\2.13.3\jackson-core-2.13.3.jar;C:\Users\Ranger\.m2\repository\com\github\binarywang\wx-java-mp-spring-boot-starter\4.4.0\wx-java-mp-spring-boot-starter-4.4.0.jar;C:\Users\Ranger\.m2\repository\com\github\binarywang\weixin-java-mp\4.4.0\weixin-java-mp-4.4.0.jar;C:\Users\Ranger\.m2\repository\com\github\binarywang\weixin-java-common\4.4.0\weixin-java-common-4.4.0.jar;C:\Users\Ranger\.m2\repository\com\thoughtworks\xstream\xstream\1.4.19\xstream-1.4.19.jar;C:\Users\Ranger\.m2\repository\io\github\x-stream\mxparser\1.2.2\mxparser-1.2.2.jar;C:\Users\Ranger\.m2\repository\xmlpull\xmlpull\1.1.3.1\xmlpull-1.1.3.1.jar;C:\Users\Ranger\.m2\repository\org\apache\httpcomponents\httpmime\4.5.13\httpmime-4.5.13.jar;C:\Users\Ranger\.m2\repository\org\slf4j\jcl-over-slf4j\1.7.36\jcl-over-slf4j-1.7.36.jar;C:\Users\Ranger\.m2\repository\commons-io\commons-io\2.7\commons-io-2.7.jar;C:\Users\Ranger\.m2\repository\javax\validation\validation-api\2.0.1.Final\validation-api-2.0.1.Final.jar;C:\Users\Ranger\.m2\repository\org\dom4j\dom4j\2.1.3\dom4j-2.1.3.jar;C:\Users\Ranger\.m2\repository\redis\clients\jedis\3.8.0\jedis-3.8.0.jar;C:\Users\Ranger\.m2\repository\org\apache\commons\commons-pool2\2.11.1\commons-pool2-2.11.1.jar;C:\Users\Ranger\.m2\repository\com\github\xiaoymin\knife4j-spring-boot-starter\3.0.3\knife4j-spring-boot-starter-3.0.3.jar;C:\Users\Ranger\.m2\repository\com\github\xiaoymin\knife4j-spring-boot-autoconfigure\3.0.3\knife4j-spring-boot-autoconfigure-3.0.3.jar;C:\Users\Ranger\.m2\repository\com\github\xiaoymin\knife4j-spring\3.0.3\knife4j-spring-3.0.3.jar;C:\Users\Ranger\.m2\repository\com\github\xiaoymin\knife4j-annotations\3.0.3\knife4j-annotations-3.0.3.jar;C:\Users\Ranger\.m2\repository\io\swagger\swagger-annotations\1.5.22\swagger-annotations-1.5.22.jar;C:\Users\Ranger\.m2\repository\io\swagger\core\v3\swagger-annotations\2.1.2\swagger-annotations-2.1.2.jar;C:\Users\Ranger\.m2\repository\com\github\xiaoymin\knife4j-core\3.0.3\knife4j-core-3.0.3.jar;C:\Users\Ranger\.m2\repository\org\javassist\javassist\3.25.0-GA\javassist-3.25.0-GA.jar;C:\Users\Ranger\.m2\repository\io\springfox\springfox-swagger2\3.0.0\springfox-swagger2-3.0.0.jar;C:\Users\Ranger\.m2\repository\io\springfox\springfox-spi\3.0.0\springfox-spi-3.0.0.jar;C:\Users\Ranger\.m2\repository\io\springfox\springfox-schema\3.0.0\springfox-schema-3.0.0.jar;C:\Users\Ranger\.m2\repository\io\springfox\springfox-swagger-common\3.0.0\springfox-swagger-common-3.0.0.jar;C:\Users\Ranger\.m2\repository\io\springfox\springfox-spring-web\3.0.0\springfox-spring-web-3.0.0.jar;C:\Users\Ranger\.m2\repository\io\github\classgraph\classgraph\4.8.83\classgraph-4.8.83.jar;C:\Users\Ranger\.m2\repository\io\springfox\springfox-spring-webflux\3.0.0\springfox-spring-webflux-3.0.0.jar;C:\Users\Ranger\.m2\repository\org\mapstruct\mapstruct\1.3.1.Final\mapstruct-1.3.1.Final.jar;C:\Users\Ranger\.m2\repository\io\springfox\springfox-spring-webmvc\3.0.0\springfox-spring-webmvc-3.0.0.jar;C:\Users\Ranger\.m2\repository\io\springfox\springfox-core\3.0.0\springfox-core-3.0.0.jar;C:\Users\Ranger\.m2\repository\io\springfox\springfox-oas\3.0.0\springfox-oas-3.0.0.jar;C:\Users\Ranger\.m2\repository\io\swagger\core\v3\swagger-models\2.1.2\swagger-models-2.1.2.jar;C:\Users\Ranger\.m2\repository\io\springfox\springfox-bean-validators\3.0.0\springfox-bean-validators-3.0.0.jar;C:\Users\Ranger\.m2\repository\io\swagger\swagger-models\1.5.22\swagger-models-1.5.22.jar;C:\Users\Ranger\.m2\repository\io\swagger\swagger-core\1.5.22\swagger-core-1.5.22.jar;C:\Users\Ranger\.m2\repository\com\fasterxml\jackson\dataformat\jackson-dataformat-yaml\2.13.3\jackson-dataformat-yaml-2.13.3.jar;C:\Users\Ranger\.m2\repository\io\springfox\springfox-boot-starter\3.0.0\springfox-boot-starter-3.0.0.jar;C:\Users\Ranger\.m2\repository\io\springfox\springfox-data-rest\3.0.0\springfox-data-rest-3.0.0.jar;C:\Users\Ranger\.m2\repository\com\fasterxml\classmate\1.5.1\classmate-1.5.1.jar;C:\Users\Ranger\.m2\repository\org\springframework\plugin\spring-plugin-core\2.0.0.RELEASE\spring-plugin-core-2.0.0.RELEASE.jar;C:\Users\Ranger\.m2\repository\org\springframework\plugin\spring-plugin-metadata\2.0.0.RELEASE\spring-plugin-metadata-2.0.0.RELEASE.jar;C:\Users\Ranger\.m2\repository\com\github\xiaoymin\knife4j-spring-ui\3.0.3\knife4j-spring-ui-3.0.3.jar;C:\Users\Ranger\.m2\repository\com\qcloud\cos_api\5.6.89\cos_api-5.6.89.jar;C:\Users\Ranger\.m2\repository\org\apache\httpcomponents\httpclient\4.5.13\httpclient-4.5.13.jar;C:\Users\Ranger\.m2\repository\org\apache\httpcomponents\httpcore\4.4.15\httpcore-4.4.15.jar;C:\Users\Ranger\.m2\repository\org\slf4j\slf4j-api\1.7.36\slf4j-api-1.7.36.jar;C:\Users\Ranger\.m2\repository\commons-codec\commons-codec\1.15\commons-codec-1.15.jar;C:\Users\Ranger\.m2\repository\joda-time\joda-time\2.9.9\joda-time-2.9.9.jar;C:\Users\Ranger\.m2\repository\com\fasterxml\jackson\core\jackson-databind\2.13.3\jackson-databind-2.13.3.jar;C:\Users\Ranger\.m2\repository\com\fasterxml\jackson\core\jackson-annotations\2.13.3\jackson-annotations-2.13.3.jar;C:\Users\Ranger\.m2\repository\com\tencentcloudapi\tencentcloud-sdk-java-kms\3.1.213\tencentcloud-sdk-java-kms-3.1.213.jar;C:\Users\Ranger\.m2\repository\com\tencentcloudapi\tencentcloud-sdk-java-common\3.1.213\tencentcloud-sdk-java-common-3.1.213.jar;C:\Users\Ranger\.m2\repository\commons-logging\commons-logging\1.2\commons-logging-1.2.jar;C:\Users\Ranger\.m2\repository\com\squareup\okhttp\logging-interceptor\2.7.5\logging-interceptor-2.7.5.jar;C:\Users\Ranger\.m2\repository\com\squareup\okhttp\okhttp\2.7.5\okhttp-2.7.5.jar;C:\Users\Ranger\.m2\repository\javax\xml\bind\jaxb-api\2.3.1\jaxb-api-2.3.1.jar;C:\Users\Ranger\.m2\repository\javax\activation\javax.activation-api\1.2.0\javax.activation-api-1.2.0.jar;C:\Users\Ranger\.m2\repository\org\bouncycastle\bcprov-jdk15on\1.67\bcprov-jdk15on-1.67.jar;C:\Users\Ranger\.m2\repository\org\apache\commons\commons-lang3\3.12.0\commons-lang3-3.12.0.jar;C:\Users\Ranger\.m2\repository\com\google\code\gson\gson\2.9.1\gson-2.9.1.jar;C:\Users\Ranger\.m2\repository\com\alibaba\easyexcel\3.1.1\easyexcel-3.1.1.jar;C:\Users\Ranger\.m2\repository\com\alibaba\easyexcel-core\3.1.1\easyexcel-core-3.1.1.jar;C:\Users\Ranger\.m2\repository\com\alibaba\easyexcel-support\3.1.1\easyexcel-support-3.1.1.jar;C:\Users\Ranger\.m2\repository\org\apache\poi\poi\4.1.2\poi-4.1.2.jar;C:\Users\Ranger\.m2\repository\org\apache\commons\commons-collections4\4.4\commons-collections4-4.4.jar;C:\Users\Ranger\.m2\repository\org\apache\commons\commons-math3\3.6.1\commons-math3-3.6.1.jar;C:\Users\Ranger\.m2\repository\com\zaxxer\SparseBitSet\1.2\SparseBitSet-1.2.jar;C:\Users\Ranger\.m2\repository\org\apache\poi\poi-ooxml\4.1.2\poi-ooxml-4.1.2.jar;C:\Users\Ranger\.m2\repository\org\apache\commons\commons-compress\1.19\commons-compress-1.19.jar;C:\Users\Ranger\.m2\repository\com\github\virtuald\curvesapi\1.06\curvesapi-1.06.jar;C:\Users\Ranger\.m2\repository\org\apache\poi\poi-ooxml-schemas\4.1.2\poi-ooxml-schemas-4.1.2.jar;C:\Users\Ranger\.m2\repository\org\apache\xmlbeans\xmlbeans\3.1.0\xmlbeans-3.1.0.jar;C:\Users\Ranger\.m2\repository\org\apache\commons\commons-csv\1.8\commons-csv-1.8.jar;C:\Users\Ranger\.m2\repository\org\ehcache\ehcache\3.10.0\ehcache-3.10.0.jar;C:\Users\Ranger\.m2\repository\javax\cache\cache-api\1.1.1\cache-api-1.1.1.jar;C:\Users\Ranger\.m2\repository\org\glassfish\jaxb\jaxb-runtime\2.3.6\jaxb-runtime-2.3.6.jar;C:\Users\Ranger\.m2\repository\org\glassfish\jaxb\txw2\2.3.6\txw2-2.3.6.jar;C:\Users\Ranger\.m2\repository\com\sun\istack\istack-commons-runtime\3.0.12\istack-commons-runtime-3.0.12.jar;C:\Users\Ranger\.m2\repository\com\sun\activation\jakarta.activation\1.2.2\jakarta.activation-1.2.2.jar;C:\Users\Ranger\.m2\repository\cn\hutool\hutool-all\5.8.8\hutool-all-5.8.8.jar;C:\Users\Ranger\.m2\repository\org\springframework\boot\spring-boot-devtools\2.7.2\spring-boot-devtools-2.7.2.jar;C:\Users\Ranger\.m2\repository\org\springframework\boot\spring-boot\2.7.2\spring-boot-2.7.2.jar;C:\Users\Ranger\.m2\repository\mysql\mysql-connector-java\8.0.29\mysql-connector-java-8.0.29.jar;C:\Users\Ranger\.m2\repository\org\springframework\boot\spring-boot-configuration-processor\2.7.2\spring-boot-configuration-processor-2.7.2.jar;C:\Users\Ranger\.m2\repository\org\projectlombok\lombok\1.18.24\lombok-1.18.24.jar;C:\Users\Ranger\.m2\repository\org\springframework\boot\spring-boot-starter-test\2.7.2\spring-boot-starter-test-2.7.2.jar;C:\Users\Ranger\.m2\repository\org\springframework\boot\spring-boot-test\2.7.2\spring-boot-test-2.7.2.jar;C:\Users\Ranger\.m2\repository\org\springframework\boot\spring-boot-test-autoconfigure\2.7.2\spring-boot-test-autoconfigure-2.7.2.jar;C:\Users\Ranger\.m2\repository\com\jayway\jsonpath\json-path\2.7.0\json-path-2.7.0.jar;C:\Users\Ranger\.m2\repository\net\minidev\json-smart\2.4.8\json-smart-2.4.8.jar;C:\Users\Ranger\.m2\repository\net\minidev\accessors-smart\2.4.8\accessors-smart-2.4.8.jar;C:\Users\Ranger\.m2\repository\org\ow2\asm\asm\9.1\asm-9.1.jar;C:\Users\Ranger\.m2\repository\jakarta\xml\bind\jakarta.xml.bind-api\2.3.3\jakarta.xml.bind-api-2.3.3.jar;C:\Users\Ranger\.m2\repository\jakarta\activation\jakarta.activation-api\1.2.2\jakarta.activation-api-1.2.2.jar;C:\Users\Ranger\.m2\repository\org\assertj\assertj-core\3.22.0\assertj-core-3.22.0.jar;C:\Users\Ranger\.m2\repository\org\hamcrest\hamcrest\2.2\hamcrest-2.2.jar;C:\Users\Ranger\.m2\repository\org\junit\jupiter\junit-jupiter\5.8.2\junit-jupiter-5.8.2.jar;C:\Users\Ranger\.m2\repository\org\junit\jupiter\junit-jupiter-api\5.8.2\junit-jupiter-api-5.8.2.jar;C:\Users\Ranger\.m2\repository\org\opentest4j\opentest4j\1.2.0\opentest4j-1.2.0.jar;C:\Users\Ranger\.m2\repository\org\junit\platform\junit-platform-commons\1.8.2\junit-platform-commons-1.8.2.jar;C:\Users\Ranger\.m2\repository\org\apiguardian\apiguardian-api\1.1.2\apiguardian-api-1.1.2.jar;C:\Users\Ranger\.m2\repository\org\junit\jupiter\junit-jupiter-params\5.8.2\junit-jupiter-params-5.8.2.jar;C:\Users\Ranger\.m2\repository\org\junit\jupiter\junit-jupiter-engine\5.8.2\junit-jupiter-engine-5.8.2.jar;C:\Users\Ranger\.m2\repository\org\junit\platform\junit-platform-engine\1.8.2\junit-platform-engine-1.8.2.jar;C:\Users\Ranger\.m2\repository\org\mockito\mockito-core\4.5.1\mockito-core-4.5.1.jar;C:\Users\Ranger\.m2\repository\net\bytebuddy\byte-buddy\1.12.12\byte-buddy-1.12.12.jar;C:\Users\Ranger\.m2\repository\net\bytebuddy\byte-buddy-agent\1.12.12\byte-buddy-agent-1.12.12.jar;C:\Users\Ranger\.m2\repository\org\objenesis\objenesis\3.2\objenesis-3.2.jar;C:\Users\Ranger\.m2\repository\org\mockito\mockito-junit-jupiter\4.5.1\mockito-junit-jupiter-4.5.1.jar;C:\Users\Ranger\.m2\repository\org\skyscreamer\jsonassert\1.5.1\jsonassert-1.5.1.jar;C:\Users\Ranger\.m2\repository\com\vaadin\external\google\android-json\0.0.20131108.vaadin1\android-json-0.0.20131108.vaadin1.jar;C:\Users\Ranger\.m2\repository\org\springframework\spring-core\5.3.22\spring-core-5.3.22.jar;C:\Users\Ranger\.m2\repository\org\springframework\spring-test\5.3.22\spring-test-5.3.22.jar;C:\Users\Ranger\.m2\repository\org\xmlunit\xmlunit-core\2.9.0\xmlunit-core-2.9.0.jar;C:\Users\Ranger\.m2\repository\io\github\lnyo-cly\ai4j-spring-boot-starter\1.3.0\ai4j-spring-boot-starter-1.3.0.jar;C:\Users\Ranger\.m2\repository\io\github\lnyo-cly\ai4j\1.3.0\ai4j-1.3.0.jar;C:\Users\Ranger\.m2\repository\org\apache\tika\tika-core\2.9.2\tika-core-2.9.2.jar;C:\Users\Ranger\.m2\repository\org\apache\tika\tika-parsers-standard-package\2.8.0\tika-parsers-standard-package-2.8.0.jar;C:\Users\Ranger\.m2\repository\org\apache\tika\tika-parser-apple-module\2.8.0\tika-parser-apple-module-2.8.0.jar;C:\Users\Ranger\.m2\repository\org\apache\tika\tika-parser-zip-commons\2.8.0\tika-parser-zip-commons-2.8.0.jar;C:\Users\Ranger\.m2\repository\com\googlecode\plist\dd-plist\1.27\dd-plist-1.27.jar;C:\Users\Ranger\.m2\repository\org\apache\tika\tika-parser-audiovideo-module\2.8.0\tika-parser-audiovideo-module-2.8.0.jar;C:\Users\Ranger\.m2\repository\com\drewnoakes\metadata-extractor\2.18.0\metadata-extractor-2.18.0.jar;C:\Users\Ranger\.m2\repository\com\adobe\xmp\xmpcore\6.1.11\xmpcore-6.1.11.jar;C:\Users\Ranger\.m2\repository\org\apache\tika\tika-parser-cad-module\2.8.0\tika-parser-cad-module-2.8.0.jar;C:\Users\Ranger\.m2\repository\org\apache\tika\tika-parser-code-module\2.8.0\tika-parser-code-module-2.8.0.jar;C:\Users\Ranger\.m2\repository\org\codelibs\jhighlight\1.1.0\jhighlight-1.1.0.jar;C:\Users\Ranger\.m2\repository\org\ccil\cowan\tagsoup\tagsoup\1.2.1\tagsoup-1.2.1.jar;C:\Users\Ranger\.m2\repository\com\epam\parso\2.0.14\parso-2.0.14.jar;C:\Users\Ranger\.m2\repository\org\tallison\jmatio\1.5\jmatio-1.5.jar;C:\Users\Ranger\.m2\repository\org\apache\tika\tika-parser-crypto-module\2.8.0\tika-parser-crypto-module-2.8.0.jar;C:\Users\Ranger\.m2\repository\org\bouncycastle\bcmail-jdk18on\1.73\bcmail-jdk18on-1.73.jar;C:\Users\Ranger\.m2\repository\org\bouncycastle\bcutil-jdk18on\1.73\bcutil-jdk18on-1.73.jar;C:\Users\Ranger\.m2\repository\org\bouncycastle\bcpkix-jdk18on\1.73\bcpkix-jdk18on-1.73.jar;C:\Users\Ranger\.m2\repository\org\bouncycastle\bcprov-jdk18on\1.73\bcprov-jdk18on-1.73.jar;C:\Users\Ranger\.m2\repository\org\apache\tika\tika-parser-digest-commons\2.8.0\tika-parser-digest-commons-2.8.0.jar;C:\Users\Ranger\.m2\repository\org\apache\tika\tika-parser-font-module\2.8.0\tika-parser-font-module-2.8.0.jar;C:\Users\Ranger\.m2\repository\org\apache\pdfbox\fontbox\2.0.28\fontbox-2.0.28.jar;C:\Users\Ranger\.m2\repository\org\apache\tika\tika-parser-html-module\2.8.0\tika-parser-html-module-2.8.0.jar;C:\Users\Ranger\.m2\repository\org\apache\tika\tika-parser-image-module\2.8.0\tika-parser-image-module-2.8.0.jar;C:\Users\Ranger\.m2\repository\com\github\jai-imageio\jai-imageio-core\1.4.0\jai-imageio-core-1.4.0.jar;C:\Users\Ranger\.m2\repository\org\apache\pdfbox\jbig2-imageio\3.0.4\jbig2-imageio-3.0.4.jar;C:\Users\Ranger\.m2\repository\org\apache\tika\tika-parser-mail-module\2.8.0\tika-parser-mail-module-2.8.0.jar;C:\Users\Ranger\.m2\repository\org\apache\tika\tika-parser-mail-commons\2.8.0\tika-parser-mail-commons-2.8.0.jar;C:\Users\Ranger\.m2\repository\org\apache\james\apache-mime4j-core\0.8.9\apache-mime4j-core-0.8.9.jar;C:\Users\Ranger\.m2\repository\org\apache\james\apache-mime4j-dom\0.8.9\apache-mime4j-dom-0.8.9.jar;C:\Users\Ranger\.m2\repository\org\apache\tika\tika-parser-microsoft-module\2.8.0\tika-parser-microsoft-module-2.8.0.jar;C:\Users\Ranger\.m2\repository\com\pff\java-libpst\0.9.3\java-libpst-0.9.3.jar;C:\Users\Ranger\.m2\repository\org\apache\poi\poi-scratchpad\5.2.3\poi-scratchpad-5.2.3.jar;C:\Users\Ranger\.m2\repository\com\healthmarketscience\jackcess\jackcess\4.0.5\jackcess-4.0.5.jar;C:\Users\Ranger\.m2\repository\com\healthmarketscience\jackcess\jackcess-encrypt\4.0.2\jackcess-encrypt-4.0.2.jar;C:\Users\Ranger\.m2\repository\org\apache\tika\tika-parser-miscoffice-module\2.8.0\tika-parser-miscoffice-module-2.8.0.jar;C:\Users\Ranger\.m2\repository\org\apache\tika\tika-parser-news-module\2.8.0\tika-parser-news-module-2.8.0.jar;C:\Users\Ranger\.m2\repository\com\rometools\rome\1.19.0\rome-1.19.0.jar;C:\Users\Ranger\.m2\repository\com\rometools\rome-utils\1.19.0\rome-utils-1.19.0.jar;C:\Users\Ranger\.m2\repository\org\jdom\jdom2\2.0.6.1\jdom2-2.0.6.1.jar;C:\Users\Ranger\.m2\repository\org\apache\tika\tika-parser-ocr-module\2.8.0\tika-parser-ocr-module-2.8.0.jar;C:\Users\Ranger\.m2\repository\org\apache\commons\commons-exec\1.3\commons-exec-1.3.jar;C:\Users\Ranger\.m2\repository\org\apache\tika\tika-parser-pdf-module\2.8.0\tika-parser-pdf-module-2.8.0.jar;C:\Users\Ranger\.m2\repository\org\apache\pdfbox\pdfbox\2.0.28\pdfbox-2.0.28.jar;C:\Users\Ranger\.m2\repository\org\apache\pdfbox\pdfbox-tools\2.0.28\pdfbox-tools-2.0.28.jar;C:\Users\Ranger\.m2\repository\org\apache\pdfbox\jempbox\1.8.17\jempbox-1.8.17.jar;C:\Users\Ranger\.m2\repository\org\apache\tika\tika-parser-pkg-module\2.8.0\tika-parser-pkg-module-2.8.0.jar;C:\Users\Ranger\.m2\repository\org\tukaani\xz\1.9\xz-1.9.jar;C:\Users\Ranger\.m2\repository\org\brotli\dec\0.1.2\dec-0.1.2.jar;C:\Users\Ranger\.m2\repository\com\github\junrar\junrar\7.5.4\junrar-7.5.4.jar;C:\Users\Ranger\.m2\repository\org\apache\tika\tika-parser-text-module\2.8.0\tika-parser-text-module-2.8.0.jar;C:\Users\Ranger\.m2\repository\com\github\albfernandez\juniversalchardet\2.4.0\juniversalchardet-2.4.0.jar;C:\Users\Ranger\.m2\repository\org\apache\tika\tika-parser-webarchive-module\2.8.0\tika-parser-webarchive-module-2.8.0.jar;C:\Users\Ranger\.m2\repository\org\netpreserve\jwarc\0.21.0\jwarc-0.21.0.jar;C:\Users\Ranger\.m2\repository\org\apache\tika\tika-parser-xml-module\2.8.0\tika-parser-xml-module-2.8.0.jar;C:\Users\Ranger\.m2\repository\xerces\xercesImpl\2.12.2\xercesImpl-2.12.2.jar;C:\Users\Ranger\.m2\repository\xml-apis\xml-apis\1.4.01\xml-apis-1.4.01.jar;C:\Users\Ranger\.m2\repository\org\apache\tika\tika-parser-xmp-commons\2.8.0\tika-parser-xmp-commons-2.8.0.jar;C:\Users\Ranger\.m2\repository\org\apache\pdfbox\xmpbox\2.0.28\xmpbox-2.0.28.jar;C:\Users\Ranger\.m2\repository\org\gagravarr\vorbis-java-tika\0.8\vorbis-java-tika-0.8.jar;C:\Users\Ranger\.m2\repository\org\gagravarr\vorbis-java-core\0.8\vorbis-java-core-0.8.jar;C:\Users\Ranger\.m2\repository\com\knuddels\jtokkit\1.1.0\jtokkit-1.1.0.jar;C:\Users\Ranger\.m2\repository\ch\qos\logback\logback-classic\1.2.11\logback-classic-1.2.11.jar;C:\Users\Ranger\.m2\repository\ch\qos\logback\logback-core\1.2.11\logback-core-1.2.11.jar;C:\Users\Ranger\.m2\repository\org\slf4j\slf4j-reload4j\1.7.36\slf4j-reload4j-1.7.36.jar;C:\Users\Ranger\.m2\repository\ch\qos\reload4j\reload4j\1.2.19\reload4j-1.2.19.jar;C:\Users\Ranger\.m2\repository\org\reflections\reflections\0.10.2\reflections-0.10.2.jar;C:\Users\Ranger\.m2\repository\com\alibaba\fastjson2\fastjson2\2.0.43\fastjson2-2.0.43.jar;C:\Users\Ranger\.m2\repository\com\squareup\okhttp3\okhttp-sse\4.9.3\okhttp-sse-4.9.3.jar;C:\Users\Ranger\.m2\repository\com\squareup\okhttp3\logging-interceptor\4.9.3\logging-interceptor-4.9.3.jar;C:\Users\Ranger\.m2\repository\com\google\guava\guava\33.0.0-jre\guava-33.0.0-jre.jar;C:\Users\Ranger\.m2\repository\com\google\guava\failureaccess\1.0.2\failureaccess-1.0.2.jar;C:\Users\Ranger\.m2\repository\com\google\guava\listenablefuture\9999.0-empty-to-avoid-conflict-with-guava\listenablefuture-9999.0-empty-to-avoid-conflict-with-guava.jar;C:\Users\Ranger\.m2\repository\org\checkerframework\checker-qual\3.41.0\checker-qual-3.41.0.jar;C:\Users\Ranger\.m2\repository\com\google\errorprone\error_prone_annotations\2.23.0\error_prone_annotations-2.23.0.jar;C:\Users\Ranger\.m2\repository\com\google\j2objc\j2objc-annotations\2.8\j2objc-annotations-2.8.jar;C:\Users\Ranger\.m2\repository\com\auth0\java-jwt\4.4.0\java-jwt-4.4.0.jar;C:\Users\Ranger\.m2\repository\javax\annotation\javax.annotation-api\1.3.2\javax.annotation-api-1.3.2.jar;C:\Users\Ranger\.m2\repository\com\squareup\okhttp3\okhttp\4.9.3\okhttp-4.9.3.jar;C:\Users\Ranger\.m2\repository\com\squareup\okio\okio\2.8.0\okio-2.8.0.jar;C:\Users\Ranger\.m2\repository\org\jetbrains\kotlin\kotlin-stdlib-common\1.6.21\kotlin-stdlib-common-1.6.21.jar;C:\Users\Ranger\.m2\repository\org\jetbrains\kotlin\kotlin-stdlib\1.6.21\kotlin-stdlib-1.6.21.jar;C:\Users\Ranger\.m2\repository\org\jetbrains\annotations\13.0\annotations-13.0.jar;"/>
    <property name="sun.cpu.endian" value="little"/>
    <property name="user.home" value="C:\Users\Ranger"/>
    <property name="user.language" value="zh"/>
    <property name="java.specification.vendor" value="Oracle Corporation"/>
    <property name="java.version.date" value="2023-04-18"/>
    <property name="java.home" value="C:\Users\Ranger\.jdks\openjdk-20.0.1"/>
    <property name="file.separator" value="\"/>
    <property name="basedir" value="D:\IdeaProjects\llmoj-backend-master"/>
    <property name="java.vm.compressedOopsMode" value="Zero based"/>
    <property name="line.separator" value="&#10;"/>
    <property name="java.vm.specification.vendor" value="Oracle Corporation"/>
    <property name="java.specification.name" value="Java Platform API Specification"/>
    <property name="surefire.real.class.path" value="C:\Users\Ranger\AppData\Local\Temp\surefire2230515520776799591\surefirebooter14398802436229232257.jar"/>
    <property name="user.script" value=""/>
    <property name="sun.management.compiler" value="HotSpot 64-Bit Tiered Compilers"/>
    <property name="java.runtime.version" value="20.0.1+9-29"/>
    <property name="user.name" value="Ranger"/>
    <property name="stdout.encoding" value="GBK"/>
    <property name="path.separator" value=";"/>
    <property name="os.version" value="10.0"/>
    <property name="java.runtime.name" value="OpenJDK Runtime Environment"/>
    <property name="file.encoding" value="UTF-8"/>
    <property name="java.vm.name" value="OpenJDK 64-Bit Server VM"/>
    <property name="localRepository" value="C:\Users\Ranger\.m2\repository"/>
    <property name="java.vendor.url.bug" value="https://bugreport.java.com/bugreport/"/>
    <property name="java.io.tmpdir" value="C:\Users\Ranger\AppData\Local\Temp\"/>
    <property name="idea.version" value="2023.1.3"/>
    <property name="java.version" value="20.0.1"/>
    <property name="user.dir" value="D:\IdeaProjects\llmoj-backend-master"/>
    <property name="os.arch" value="amd64"/>
    <property name="java.vm.specification.name" value="Java Virtual Machine Specification"/>
    <property name="sun.os.patch.level" value=""/>
    <property name="native.encoding" value="GBK"/>
    <property name="java.library.path" value="C:\Users\Ranger\.jdks\openjdk-20.0.1\bin;C:\Windows\Sun\Java\bin;C:\Windows\system32;C:\Windows;E:\Miniconda3\condabin;E:\CUDA Computing Toolkit\bin;E:\CUDA Computing Toolkit\libnvvp;C:\Program Files (x86)\Common Files\Oracle\Java\javapath;C:\Windows\system32;C:\Windows;C:\Windows\System32\Wbem;C:\Windows\System32\WindowsPowerShell\v1.0\;C:\Windows\System32\OpenSSH\;C:\Program Files\NVIDIA Corporation\NVIDIA NvDLISR;C:\Program Files\Git\cmd;C:\Program Files\Microsoft SQL Server\150\Tools\Binn\;C:\Program Files (x86)\Yarn\bin\;E:\MongoDB\Server\6.0\data\db;E:\Miniconda3;E:\Miniconda3\Scripts;E:\Miniconda3\Library\bin;D:\Mingw\mingw64\bin;C:\Program Files\dotnet\;E:\Maven\apache-maven-3.6.3\bin;F:\微信web开发者工具\dll;E:\redis\;C:\Program Files\NVIDIA Corporation\Nsight Compute 2023.2.1\;D:\EasyShare\x86\;D:\EasyShare\x64\;F:\Maven\apache-maven-3.9.5\bin;D:\nvm;D:\nvm4w\nodejs;C:\Program Files (x86)\NVIDIA Corporation\PhysX\Common;D:\nvm\;D:\CMake\bin;C:\Program Files\MySQL\MySQL Shell 8.0\bin\;C:\Users\Ranger\AppData\Local\Programs\Python\Python38\Scripts\;C:\Users\Ranger\AppData\Local\Programs\Python\Python38\;C:\Users\Ranger\AppData\Local\Programs\Python\Python310\Scripts\;C:\Users\Ranger\AppData\Local\Programs\Python\Python310\;C:\Users\Ranger\AppData\Local\Microsoft\WindowsApps;F:\DataGrip 2024.1.1\bin;;F:\WebStorm 2022.3\bin;;C:\Users\Ranger\AppData\Local\Yarn\bin;E:\MongoDB\Server\6.0\data\db;F:\Microsoft VS Code\bin;F:\iverilog\bin;F:\iverilog\gtkwave\bin;D:\nvm;D:\nvm4w\nodejs;C:\Users\Ranger\AppData\Roaming\npm;D:\GAMES102_Study\Ubpa\bin;;."/>
    <property name="java.vm.info" value="mixed mode, sharing"/>
    <property name="stderr.encoding" value="GBK"/>
    <property name="java.vendor" value="Oracle Corporation"/>
    <property name="java.vm.version" value="20.0.1+9-29"/>
    <property name="sun.io.unicode.encoding" value="UnicodeLittle"/>
    <property name="java.class.version" value="64.0"/>
  </properties>
  <testcase name="putObject" classname="com.ranger.llmoj.manager.CosManagerTest" time="0.009">
    <error message="Unable to calculate MD5 hash: test.json (系统找不到指定的文件。)" type="com.qcloud.cos.exception.CosClientException">com.qcloud.cos.exception.CosClientException: Unable to calculate MD5 hash: test.json (系统找不到指定的文件。)
	at com.ranger.llmoj.manager.CosManagerTest.putObject(CosManagerTest.java:21)
Caused by: java.io.FileNotFoundException: test.json (系统找不到指定的文件。)
	at com.ranger.llmoj.manager.CosManagerTest.putObject(CosManagerTest.java:21)
</error>
    <system-out><![CDATA[2025-04-17 16:20:19.936  INFO 22704 --- [           main] .b.t.c.SpringBootTestContextBootstrapper : Neither @ContextConfiguration nor @ContextHierarchy found for test class [com.ranger.llmoj.manager.CosManagerTest], using SpringBootContextLoader
2025-04-17 16:20:19.937  INFO 22704 --- [           main] o.s.t.c.support.AbstractContextLoader    : Could not detect default resource locations for test class [com.ranger.llmoj.manager.CosManagerTest]: no resource found for suffixes {-context.xml, Context.groovy}.
2025-04-17 16:20:19.937  INFO 22704 --- [           main] t.c.s.AnnotationConfigContextLoaderUtils : Could not detect default configuration classes for test class [com.ranger.llmoj.manager.CosManagerTest]: CosManagerTest does not declare any static, non-private, non-final, nested classes annotated with @Configuration.
2025-04-17 16:20:19.946  INFO 22704 --- [           main] .b.t.c.SpringBootTestContextBootstrapper : Found @SpringBootConfiguration com.ranger.llmoj.MainApplication for test class com.ranger.llmoj.manager.CosManagerTest
2025-04-17 16:20:19.947  INFO 22704 --- [           main] .b.t.c.SpringBootTestContextBootstrapper : Loaded default TestExecutionListener class names from location [META-INF/spring.factories]: [org.springframework.boot.test.mock.mockito.MockitoTestExecutionListener, org.springframework.boot.test.mock.mockito.ResetMocksTestExecutionListener, org.springframework.boot.test.autoconfigure.restdocs.RestDocsTestExecutionListener, org.springframework.boot.test.autoconfigure.web.client.MockRestServiceServerResetTestExecutionListener, org.springframework.boot.test.autoconfigure.web.servlet.MockMvcPrintOnlyOnFailureTestExecutionListener, org.springframework.boot.test.autoconfigure.web.servlet.WebDriverTestExecutionListener, org.springframework.boot.test.autoconfigure.webservices.client.MockWebServiceServerTestExecutionListener, org.springframework.test.context.web.ServletTestExecutionListener, org.springframework.test.context.support.DirtiesContextBeforeModesTestExecutionListener, org.springframework.test.context.event.ApplicationEventsTestExecutionListener, org.springframework.test.context.support.DependencyInjectionTestExecutionListener, org.springframework.test.context.support.DirtiesContextTestExecutionListener, org.springframework.test.context.transaction.TransactionalTestExecutionListener, org.springframework.test.context.jdbc.SqlScriptsTestExecutionListener, org.springframework.test.context.event.EventPublishingTestExecutionListener]
2025-04-17 16:20:19.948  INFO 22704 --- [           main] .b.t.c.SpringBootTestContextBootstrapper : Using TestExecutionListeners: [org.springframework.test.context.web.ServletTestExecutionListener@2907f58d, org.springframework.test.context.support.DirtiesContextBeforeModesTestExecutionListener@7aaaca20, org.springframework.test.context.event.ApplicationEventsTestExecutionListener@2abb3056, org.springframework.boot.test.mock.mockito.MockitoTestExecutionListener@4b54bed2, org.springframework.boot.test.autoconfigure.SpringBootDependencyInjectionTestExecutionListener@5de991a8, org.springframework.test.context.support.DirtiesContextTestExecutionListener@71bebbff, org.springframework.test.context.transaction.TransactionalTestExecutionListener@2740c1e, org.springframework.test.context.jdbc.SqlScriptsTestExecutionListener@6cb890ac, org.springframework.test.context.event.EventPublishingTestExecutionListener@7d4d3842, org.springframework.boot.test.mock.mockito.ResetMocksTestExecutionListener@79a81557, org.springframework.boot.test.autoconfigure.restdocs.RestDocsTestExecutionListener@5b9ee280, org.springframework.boot.test.autoconfigure.web.client.MockRestServiceServerResetTestExecutionListener@738b34af, org.springframework.boot.test.autoconfigure.web.servlet.MockMvcPrintOnlyOnFailureTestExecutionListener@67108db4, org.springframework.boot.test.autoconfigure.web.servlet.WebDriverTestExecutionListener@5eab3eac, org.springframework.boot.test.autoconfigure.webservices.client.MockWebServiceServerTestExecutionListener@720d5d1b]
]]></system-out>
  </testcase>
</testsuite>